
Showing logs for build [32mcb-kubecd-bdd-nh-1592923396-pr-c9s97-1[0m stage [32mfrom-build-pack[0m and container [32mstep-credential-initializer-t9w4r[0m
{"level":"info","ts":1592924031.8257148,"logger":"fallback-logger","caller":"logging/config.go:69","msg":"Fetch GitHub commit ID from kodata failed: open /var/run/ko/refs/heads/0.8.0-ns-support: no such file or directory"}
{"level":"info","ts":1592924031.8262482,"logger":"fallback-logger","caller":"creds-init/main.go:40","msg":"Credentials initialized."}

Showing logs for build [32mcb-kubecd-bdd-nh-1592923396-pr-c9s97-1[0m stage [32mfrom-build-pack[0m and container [32mstep-working-dir-initializer-ghxfp[0m
{"level":"info","ts":1592924033.1890583,"logger":"fallback-logger","caller":"logging/config.go:69","msg":"Fetch GitHub commit ID from kodata failed: open /var/run/ko/HEAD: no such file or directory"}
{"level":"info","ts":1592924033.1914499,"logger":"fallback-logger","caller":"bash/main.go:64","msg":"Successfully executed command \"sh -c mkdir -p /workspace/source\"; output "}

Showing logs for build [32mcb-kubecd-bdd-nh-1592923396-pr-c9s97-1[0m stage [32mfrom-build-pack[0m and container [32mstep-place-tools[0m

Showing logs for build [32mcb-kubecd-bdd-nh-1592923396-pr-c9s97-1[0m stage [32mfrom-build-pack[0m and container [32mstep-git-source-cb-kubecd-bdd-nh-1592923396-pr-c9s97-lsr58[0m
{"level":"info","ts":1592924039.314398,"logger":"fallback-logger","caller":"logging/config.go:69","msg":"Fetch GitHub commit ID from kodata failed: open /var/run/ko/refs/heads/0.8.0-ns-support: no such file or directory"}
{"level":"info","ts":1592924040.4462755,"logger":"fallback-logger","caller":"git/git.go:103","msg":"Successfully cloned https://github.com/cb-kubecd/bdd-nh-1592923396.git @ master in path /workspace/source"}

Showing logs for build [32mcb-kubecd-bdd-nh-1592923396-pr-c9s97-1[0m stage [32mfrom-build-pack[0m and container [32mstep-git-merge[0m
Using SHAs from PULL_REFS=master:cf02ebeda23446bb89b0b49a8bccf05793b8be48,1:bbad9f645816bf266389a9e704ceee115a033103
DEBUG: LC_ALL=C JX_LOG_LEVEL=error git fetch origin --unshallow bbad9f645816bf266389a9e704ceee115a033103: cf02ebeda23446bb89b0b49a8bccf05793b8be48:
DEBUG: ran git fetch --unshallow origin bbad9f645816bf266389a9e704ceee115a033103: cf02ebeda23446bb89b0b49a8bccf05793b8be48: in 
DEBUG: LC_ALL=C JX_LOG_LEVEL=error git branch
DEBUG: LC_ALL=C JX_LOG_LEVEL=error git checkout master
DEBUG: ran git checkout master in 
DEBUG: JX_LOG_LEVEL=error LC_ALL=C git reset --hard cf02ebeda23446bb89b0b49a8bccf05793b8be48
DEBUG: ran git reset --hard cf02ebeda23446bb89b0b49a8bccf05793b8be48 in 
DEBUG: LC_ALL=C JX_LOG_LEVEL=error git clean -fd .
DEBUG: ran clean --force -d . in 
DEBUG: LC_ALL=C JX_LOG_LEVEL=error git merge bbad9f645816bf266389a9e704ceee115a033103
DEBUG: ran git merge bbad9f645816bf266389a9e704ceee115a033103 in 
DEBUG: LC_ALL=C JX_LOG_LEVEL=error git log --format=%H%x1f%an%x1f%ae%x1f%cn%x1f%ce%x1f%s%n%b%x1e cf02ebeda23446bb89b0b49a8bccf05793b8be48..HEAD
Merged SHA bbad9f645816bf266389a9e704ceee115a033103 with commit message 'My first PR commit' into base branch master

Showing logs for build [32mcb-kubecd-bdd-nh-1592923396-pr-c9s97-1[0m stage [32mfrom-build-pack[0m and container [32mstep-build-npmrc[0m
WARNING: failed to find Secret npm-token in namespace **

Showing logs for build [32mcb-kubecd-bdd-nh-1592923396-pr-c9s97-1[0m stage [32mfrom-build-pack[0m and container [32mstep-build-npm-install[0m
npm notice created a lockfile as package-lock.json. You should commit this file.
npm WARN REPLACE_ME@1.0.0 No repository field.
npm WARN REPLACE_ME@1.0.0 No license field.

up to date in 0.375s
found 0 vulnerabilities


Showing logs for build [32mcb-kubecd-bdd-nh-1592923396-pr-c9s97-1[0m stage [32mfrom-build-pack[0m and container [32mstep-build-npm-test[0m

> REPLACE_ME@1.0.0 test /workspace/source
> echo "no test specified" && exit 0

no test specified

Showing logs for build [32mcb-kubecd-bdd-nh-1592923396-pr-c9s97-1[0m stage [32mfrom-build-pack[0m and container [32mstep-build-container-build[0m
E0623 14:54:06.282013       9 aws_credentials.go:77] while getting AWS credentials NoCredentialProviders: no valid providers in chain. Deprecated.
	For verbose messaging see aws.Config.CredentialsChainVerboseErrors
[36mINFO[0m[0001] Using dockerignore file: /workspace/source/.dockerignore 
[36mINFO[0m[0001] Retrieving image manifest node:9-slim        
E0623 14:54:06.713291       9 metadata.go:154] while reading 'google-dockercfg' metadata: http status code: 404 while fetching url http://metadata.google.internal./computeMetadata/v1/instance/attributes/google-dockercfg
E0623 14:54:06.718466       9 metadata.go:166] while reading 'google-dockercfg-url' metadata: http status code: 404 while fetching url http://metadata.google.internal./computeMetadata/v1/instance/attributes/google-dockercfg-url
[36mINFO[0m[0002] Retrieving image manifest node:9-slim        
[36mINFO[0m[0003] Built cross stage deps: map[]                
[36mINFO[0m[0003] Retrieving image manifest node:9-slim        
[36mINFO[0m[0004] Retrieving image manifest node:9-slim        
[36mINFO[0m[0005] Executing 0 build triggers                   
[36mINFO[0m[0005] cmd: EXPOSE                                  
[36mINFO[0m[0005] Adding exposed port: 8080/tcp                
[36mINFO[0m[0005] Checking for cached layer gcr.io/jenkins-x-bdd3/cache:7c83214a093cbff02929f369ab0704450c1b718eebfb3d5bc82abc3d23a07354... 
[36mINFO[0m[0006] No cached layer found for cmd COPY . .       
[36mINFO[0m[0006] Unpacking rootfs as cmd COPY . . requires it. 
[36mINFO[0m[0011] ENV PORT 8080                                
[36mINFO[0m[0011] No files changed in this command, skipping snapshotting. 
[36mINFO[0m[0011] EXPOSE 8080                                  
[36mINFO[0m[0011] cmd: EXPOSE                                  
[36mINFO[0m[0011] Adding exposed port: 8080/tcp                
[36mINFO[0m[0011] No files changed in this command, skipping snapshotting. 
[36mINFO[0m[0011] WORKDIR /usr/src/app                         
[36mINFO[0m[0011] cmd: workdir                                 
[36mINFO[0m[0011] Changed working directory to /usr/src/app    
[36mINFO[0m[0011] Creating directory /usr/src/app              
[36mINFO[0m[0011] Resolving 1 paths                            
[36mINFO[0m[0011] Taking snapshot of files...                  
[36mINFO[0m[0011] COPY . .                                     
[36mINFO[0m[0011] Resolving 141 paths                          
[36mINFO[0m[0011] Taking snapshot of files...                  
[36mINFO[0m[0011] CMD ["npm", "start"]                         
[36mINFO[0m[0011] No files changed in this command, skipping snapshotting. 
[36mINFO[0m[0011] Pushing layer gcr.io/jenkins-x-bdd3/cache:7c83214a093cbff02929f369ab0704450c1b718eebfb3d5bc82abc3d23a07354 to cache now 

Showing logs for build [32mcb-kubecd-bdd-nh-1592923396-pr-c9s97-1[0m stage [32mfrom-build-pack[0m and container [32mstep-postbuild-post-build[0m
no CVE provider running in the current ** namespace so skip adding image to be analysed

Showing logs for build [32mcb-kubecd-bdd-nh-1592923396-pr-c9s97-1[0m stage [32mfrom-build-pack[0m and container [32mstep-promote-make-preview[0m
sed -i -e "s/version:.*/version: 0.0.0-SNAPSHOT-PR-1-1/" Chart.yaml
sed -i -e "s/version:.*/version: 0.0.0-SNAPSHOT-PR-1-1/" ../*/Chart.yaml
sed -i -e "s|repository:.*|repository: gcr.io\/jenkins-x-bdd3\/bdd-nh-1592923396|" values.yaml
sed -i -e "s/tag:.*/tag: 0.0.0-SNAPSHOT-PR-1-1/" values.yaml
echo "  version: 0.0.0-SNAPSHOT-PR-1-1" >> requirements.yaml
** step helm build
WARNING: No $CHART_REPOSITORY defined so using the default value of: http://jenkins-x-chartmuseum:8080
Adding missing Helm repo: storage.googleapis.com https://storage.googleapis.com/chartmuseum.jenkins-x.io
WARNING: No secrets found on "helm/repos" due: reading the secret "helm/repos" from vault: no secret "helm/repos" not found in vault
Read credentials for https://storage.googleapis.com/chartmuseum.jenkins-x.io from vault helm/repos
Successfully added Helm repository storage.googleapis.com.
Adding missing Helm repo: jenkins-x-chartmuseum http://jenkins-x-chartmuseum:8080
WARNING: No secrets found on "helm/repos" due: reading the secret "helm/repos" from vault: no secret "helm/repos" not found in vault
Read credentials for http://jenkins-x-chartmuseum:8080 from vault helm/repos
Successfully added Helm repository jenkins-x-chartmuseum.
WARNING: No $CHART_REPOSITORY defined so using the default value of: http://jenkins-x-chartmuseum:8080
Adding missing Helm repo: chartmuseum.jenkins-x.io http://chartmuseum.jenkins-x.io
WARNING: No secrets found on "helm/repos" due: reading the secret "helm/repos" from vault: no secret "helm/repos" not found in vault
Read credentials for http://chartmuseum.jenkins-x.io from vault helm/repos
Successfully added Helm repository chartmuseum.jenkins-x.io.

Showing logs for build [32mcb-kubecd-bdd-nh-1592923396-pr-c9s97-1[0m stage [32mfrom-build-pack[0m and container [32mstep-promote-jx-preview[0m
Creating a preview
Created environment cb-kubecd-bdd-nh-1592923396-pr-1
Namespace **-cb-kubecd-bdd-nh-1592923396-pr-1 created 
expose:
  Annotations:
    helm.sh/hook: post-install,post-upgrade
    helm.sh/hook-delete-policy: hook-succeeded
  config:
    domain: 35.205.146.206.nip.io
    exposer: Ingress
    http: "true"
preview:
  image:
    repository: gcr.io/jenkins-x-bdd3/bdd-nh-1592923396
    tag: 0.0.0-SNAPSHOT-PR-1-1

Updating PipelineActivities cb-kubecd-bdd-nh-1592923396-pr-1-1 which has status Running
Preview application is now available at: http://bdd-nh-1592923396.**-cb-kubecd-bdd-nh-1592923396-pr-1.35.205.146.206.nip.io
